<?xml version="1.0" encoding="UTF-8"?>
<!-- Generated by org.testng.reporters.JUnitReportReporter -->
<testsuite hostname="Fidel" failures="0" tests="5" name="casosDeUsoTest.RegistroClientesTest" time="1.763" errors="0" timestamp="2020-11-17T18:08:37 BOT" skipped="0">
  <testcase classname="casosDeUsoTest.RegistroClientesTest" name="noCoincidenEnNumeroTelefonico" time="0.489"/>
  <system-out/>
  <testcase classname="casosDeUsoTest.RegistroClientesTest" name="guardarTemporalmenteCDRs" time="0.349"/>
  <system-out/>
  <testcase classname="casosDeUsoTest.RegistroClientesTest" name="llenarListaClientes" time="0.271"/>
  <system-out/>
  <testcase classname="casosDeUsoTest.RegistroClientesTest" name="llenarListaClientesPlanWow" time="0.424"/>
  <system-out/>
  <testcase classname="casosDeUsoTest.RegistroClientesTest" name="guardarClientesCargados" time="0.230"/>
  <system-out/>
</testsuite> <!-- casosDeUsoTest.RegistroClientesTest -->
