<?xml version="1.0" encoding="UTF-8"?>
<!-- Generated by org.testng.reporters.JUnitReportReporter -->
<testsuite hostname="Fidel" failures="0" tests="5" name="repositoriosTest.PersistenciaBDClientesTest" time="1.628" errors="0" timestamp="2020-11-17T18:08:37 BOT" skipped="0">
  <testcase classname="repositoriosTest.PersistenciaBDClientesTest" name="poblarTablaDeClientes" time="0.322"/>
  <system-out/>
  <testcase classname="repositoriosTest.PersistenciaBDClientesTest" name="crearTablaClientesYNumerosAmigos" time="0.202"/>
  <system-out/>
  <testcase classname="repositoriosTest.PersistenciaBDClientesTest" name="poblarTablaDeNumerosDeAmigos" time="0.329"/>
  <system-out/>
  <testcase classname="repositoriosTest.PersistenciaBDClientesTest" name="mostrarTablaDeNumerosAmigos" time="0.443"/>
  <system-out/>
  <testcase classname="repositoriosTest.PersistenciaBDClientesTest" name="mostrarTablaDeClientes" time="0.332"/>
  <system-out/>
</testsuite> <!-- repositoriosTest.PersistenciaBDClientesTest -->
