<?xml version="1.0" encoding="UTF-8"?>
<!-- Generated by org.testng.reporters.JUnitReportReporter -->
<testsuite hostname="Fidel" failures="0" tests="3" name="modelosTest.FacturaModeloTest" time="0.000" errors="0" timestamp="2020-11-17T18:08:37 BOT" skipped="0">
  <testcase classname="modelosTest.FacturaModeloTest" name="montoMesTest" time="0.000"/>
  <system-out/>
  <testcase classname="modelosTest.FacturaModeloTest" name="mesTest" time="0.000"/>
  <system-out/>
  <testcase classname="modelosTest.FacturaModeloTest" name="numeroTelefonicoTest" time="0.000"/>
  <system-out/>
</testsuite> <!-- modelosTest.FacturaModeloTest -->
