<?xml version="1.0" encoding="UTF-8"?>
<!-- Generated by org.testng.reporters.JUnitReportReporter -->
<testsuite hostname="Fidel" failures="0" tests="2" name="casosDeUsoTest.CalculadorCostoLlamadaTest" time="0.026" errors="0" timestamp="2020-11-16T01:52:44 BOT" skipped="0">
  <testcase classname="casosDeUsoTest.CalculadorCostoLlamadaTest" name="asignarCostoYConseguirCostoDeLlamadaCasoDefaultTest" time="0.003"/>
  <system-out/>
  <testcase classname="casosDeUsoTest.CalculadorCostoLlamadaTest" name="asignarCostoYConseguirCostoDeLlamadaCasoCalculosimpleTest" time="0.023"/>
  <system-out/>
</testsuite> <!-- casosDeUsoTest.CalculadorCostoLlamadaTest -->
