<?xml version="1.0" encoding="UTF-8"?>
<!-- Generated by org.testng.reporters.JUnitReportReporter -->
<testsuite hostname="Fidel" failures="0" tests="4" name="repositoriosTest.PersistenciaBDCDRTest" time="0.229" errors="0" timestamp="2020-11-17T18:08:37 BOT" skipped="0">
  <testcase classname="repositoriosTest.PersistenciaBDCDRTest" name="poblarTabla" time="0.111"/>
  <system-out/>
  <testcase classname="repositoriosTest.PersistenciaBDCDRTest" name="crearTabla" time="0.013"/>
  <system-out/>
  <testcase classname="repositoriosTest.PersistenciaBDCDRTest" name="mostrarTabla" time="0.002"/>
  <system-out/>
  <testcase classname="repositoriosTest.PersistenciaBDCDRTest" name="borrarDatos" time="0.103"/>
  <system-out/>
</testsuite> <!-- repositoriosTest.PersistenciaBDCDRTest -->
