<?xml version="1.0" encoding="UTF-8"?>
<!-- Generated by org.testng.reporters.JUnitReportReporter -->
<testsuite hostname="Fidel" failures="0" tests="3" name="controladoresTest.ControladorCargaCDRsTest" time="1.328" errors="0" timestamp="2020-11-17T18:08:37 BOT" skipped="0">
  <testcase classname="controladoresTest.ControladorCargaCDRsTest" name="postApiSubmitSinArchivo" time="0.025"/>
  <system-out/>
  <testcase classname="controladoresTest.ControladorCargaCDRsTest" name="postApiSubmit" time="0.427"/>
  <system-out/>
  <testcase classname="controladoresTest.ControladorCargaCDRsTest" name="getRegistrosCargados" time="0.876"/>
  <system-out/>
</testsuite> <!-- controladoresTest.ControladorCargaCDRsTest -->
