<?xml version="1.0" encoding="UTF-8"?>
<!-- Generated by org.testng.reporters.JUnitReportReporter -->
<testsuite hostname="Fidel" failures="0" tests="2" name="casosDeUsoTest.PersistenciaTest" time="2.628" errors="0" timestamp="2020-11-17T18:08:37 BOT" skipped="0">
  <testcase classname="casosDeUsoTest.PersistenciaTest" name="obtenerFacturaDelMesParaClienteTest" time="1.480"/>
  <system-out/>
  <testcase classname="casosDeUsoTest.PersistenciaTest" name="obtenerFacturaConClienteNoRegistrado" time="1.148"/>
  <system-out/>
</testsuite> <!-- casosDeUsoTest.PersistenciaTest -->
