<?xml version="1.0" encoding="UTF-8"?>
<!-- Generated by org.testng.reporters.JUnitReportReporter -->
<testsuite hostname="Fidel" failures="0" tests="6" name="modelosTest.ClienteModeloTest" time="0.001" errors="0" timestamp="2020-11-16T18:39:25 BOT" skipped="0">
  <testcase classname="modelosTest.ClienteModeloTest" name="conseguirCiTest" time="0.000"/>
  <system-out/>
  <testcase classname="modelosTest.ClienteModeloTest" name="conseguirNumerosDeAmigosTest" time="0.000"/>
  <system-out/>
  <testcase classname="modelosTest.ClienteModeloTest" name="conseguirNombreTest" time="0.000"/>
  <system-out/>
  <testcase classname="modelosTest.ClienteModeloTest" name="conseguirTipoDePlanTest" time="0.001"/>
  <system-out/>
  <testcase classname="modelosTest.ClienteModeloTest" name="conseguirFechaDeRegistroTest" time="0.000"/>
  <system-out/>
  <testcase classname="modelosTest.ClienteModeloTest" name="conseguirNumeroTelefonicoTest" time="0.000"/>
  <system-out/>
</testsuite> <!-- modelosTest.ClienteModeloTest -->
