<?xml version="1.0" encoding="UTF-8"?>
<!-- Generated by org.testng.reporters.JUnitReportReporter -->
<testsuite hostname="Fidel" failures="0" tests="1" name="casosDeUsoTest.RegistroCDRTest" time="0.004" errors="0" timestamp="2020-11-16T18:39:25 BOT" skipped="0">
  <testcase classname="casosDeUsoTest.RegistroCDRTest" name="guardarTemporalmenteCDRs" time="0.004"/>
  <system-out/>
</testsuite> <!-- casosDeUsoTest.RegistroCDRTest -->
