<?xml version="1.0" encoding="UTF-8"?>
<!-- Generated by org.testng.reporters.JUnitReportReporter -->
<testsuite hostname="Fidel" failures="0" tests="4" name="repositoriosTest.PersistenciaBDCDRTest" time="0.333" errors="0" timestamp="2020-11-16T18:39:25 BOT" skipped="0">
  <testcase classname="repositoriosTest.PersistenciaBDCDRTest" name="poblarTabla" time="0.107"/>
  <system-out/>
  <testcase classname="repositoriosTest.PersistenciaBDCDRTest" name="crearTabla" time="0.023"/>
  <system-out/>
  <testcase classname="repositoriosTest.PersistenciaBDCDRTest" name="mostrarTabla" time="0.003"/>
  <system-out/>
  <testcase classname="repositoriosTest.PersistenciaBDCDRTest" name="borrarDatos" time="0.200"/>
  <system-out/>
</testsuite> <!-- repositoriosTest.PersistenciaBDCDRTest -->
