<?xml version="1.0" encoding="UTF-8"?>
<!-- Generated by org.testng.reporters.JUnitReportReporter -->
<testsuite hostname="Fidel" failures="0" tests="2" name="entidadesTest.PlanWowTest" time="0.001" errors="0" timestamp="2020-11-16T18:39:25 BOT" skipped="0">
  <testcase classname="entidadesTest.PlanWowTest" name="calculatePriceExternalNumber" time="0.000"/>
  <system-out/>
  <testcase classname="entidadesTest.PlanWowTest" name="calculatePriceCallBelongsToFriends" time="0.001"/>
  <system-out/>
</testsuite> <!-- entidadesTest.PlanWowTest -->
