<?xml version="1.0" encoding="UTF-8"?>
<!-- Generated by org.testng.reporters.JUnitReportReporter -->
<testsuite hostname="Fidel" failures="0" tests="1" name="controladoresTest.ControladorCDRSerializacionTest" time="0.101" errors="0" timestamp="2020-11-17T18:08:37 BOT" skipped="0">
  <testcase classname="controladoresTest.ControladorCDRSerializacionTest" name="cdrGuardadoBDTest" time="0.101"/>
  <system-out/>
</testsuite> <!-- controladoresTest.ControladorCDRSerializacionTest -->
