<?xml version="1.0" encoding="UTF-8"?>
<!-- Generated by org.testng.reporters.JUnitReportReporter -->
<testsuite hostname="Fidel" failures="0" tests="4" name="casosDeUsoTest.PersistenciaVistasTest" time="5.385" errors="0" timestamp="2020-11-17T18:08:37 BOT" skipped="0">
  <testcase classname="casosDeUsoTest.PersistenciaVistasTest" name="mostrarPersistenciaClienteEnBD" time="1.350"/>
  <system-out/>
  <testcase classname="casosDeUsoTest.PersistenciaVistasTest" name="mostrarPersistenciaAmigosEnBD" time="1.368"/>
  <system-out/>
  <testcase classname="casosDeUsoTest.PersistenciaVistasTest" name="mostrarPersistenciaCDRFiltroMes" time="1.386"/>
  <system-out/>
  <testcase classname="casosDeUsoTest.PersistenciaVistasTest" name="mostrarPersistenciaCDREnBD" time="1.281"/>
  <system-out/>
</testsuite> <!-- casosDeUsoTest.PersistenciaVistasTest -->
