<?xml version="1.0" encoding="UTF-8"?>
<!-- Generated by org.testng.reporters.JUnitReportReporter -->
<testsuite hostname="Fidel" failures="0" tests="2" name="casosDeUsoTest.CalculadorCostoLlamadaTest" time="0.023" errors="0" timestamp="2020-11-16T18:39:25 BOT" skipped="0">
  <testcase classname="casosDeUsoTest.CalculadorCostoLlamadaTest" name="asignarCostoYConseguirCostoDeLlamadaCasoCalculosimpleTest" time="0.023"/>
  <system-out/>
  <testcase classname="casosDeUsoTest.CalculadorCostoLlamadaTest" name="asignarCostoYConseguirCostoDeLlamadaCasoDefaultTest" time="0.000"/>
  <system-out/>
</testsuite> <!-- casosDeUsoTest.CalculadorCostoLlamadaTest -->
