<?xml version="1.0" encoding="UTF-8"?>
<!-- Generated by org.testng.reporters.JUnitReportReporter -->
<testsuite hostname="Fidel" failures="0" tests="5" name="entidadesTest.ClienteTest" time="0.002" errors="0" timestamp="2020-11-16T01:52:44 BOT" skipped="0">
  <testcase classname="entidadesTest.ClienteTest" name="asignarTipoDePlanYConseguirTipoDePlanTest" time="0.001"/>
  <system-out/>
  <testcase classname="entidadesTest.ClienteTest" name="asignarNumeroTelefonicoYConseguirNumeroTelefonicoTest" time="0.000"/>
  <system-out/>
  <testcase classname="entidadesTest.ClienteTest" name="conseguirCiTest" time="0.000"/>
  <system-out/>
  <testcase classname="entidadesTest.ClienteTest" name="asignarPlanYConseguirPlanTest" time="0.001"/>
  <system-out/>
  <testcase classname="entidadesTest.ClienteTest" name="conseguirNombreTest" time="0.000"/>
  <system-out/>
</testsuite> <!-- entidadesTest.ClienteTest -->
