<?xml version="1.0" encoding="UTF-8"?>
<!-- Generated by org.testng.reporters.JUnitReportReporter -->
<testsuite hostname="Fidel" failures="0" tests="5" name="repositoriosTest.PersistenciaBDClientesTest" time="1.798" errors="0" timestamp="2020-11-16T01:52:44 BOT" skipped="0">
  <testcase classname="repositoriosTest.PersistenciaBDClientesTest" name="crearTablaClientesYNumerosAmigos" time="0.299"/>
  <system-out/>
  <testcase classname="repositoriosTest.PersistenciaBDClientesTest" name="poblarTablaDeClientes" time="0.326"/>
  <system-out/>
  <testcase classname="repositoriosTest.PersistenciaBDClientesTest" name="mostrarTablaDeClientes" time="0.346"/>
  <system-out/>
  <testcase classname="repositoriosTest.PersistenciaBDClientesTest" name="mostrarTablaDeNumerosAmigos" time="0.335"/>
  <system-out/>
  <testcase classname="repositoriosTest.PersistenciaBDClientesTest" name="poblarTablaDeNumerosDeAmigos" time="0.492"/>
  <system-out/>
</testsuite> <!-- repositoriosTest.PersistenciaBDClientesTest -->
