<?xml version="1.0" encoding="UTF-8"?>
<!-- Generated by org.testng.reporters.JUnitReportReporter -->
<testsuite hostname="Fidel" failures="0" tests="4" name="casosDeUsoTest.PersistenciaVistasTest" time="5.125" errors="0" timestamp="2020-11-16T18:39:25 BOT" skipped="0">
  <testcase classname="casosDeUsoTest.PersistenciaVistasTest" name="mostrarPersistenciaAmigosEnBD" time="1.373"/>
  <system-out/>
  <testcase classname="casosDeUsoTest.PersistenciaVistasTest" name="mostrarPersistenciaClienteEnBD" time="1.153"/>
  <system-out/>
  <testcase classname="casosDeUsoTest.PersistenciaVistasTest" name="mostrarPersistenciaCDREnBD" time="1.352"/>
  <system-out/>
  <testcase classname="casosDeUsoTest.PersistenciaVistasTest" name="mostrarPersistenciaCDRFiltroMes" time="1.247"/>
  <system-out/>
</testsuite> <!-- casosDeUsoTest.PersistenciaVistasTest -->
