<?xml version="1.0" encoding="UTF-8"?>
<!-- Generated by org.testng.reporters.JUnitReportReporter -->
<testsuite hostname="Fidel" failures="0" tests="2" name="casosDeUsoTest.PersistenciaTest" time="2.499" errors="0" timestamp="2020-11-16T18:39:25 BOT" skipped="0">
  <testcase classname="casosDeUsoTest.PersistenciaTest" name="obtenerFacturaConClienteNoRegistrado" time="1.254"/>
  <system-out/>
  <testcase classname="casosDeUsoTest.PersistenciaTest" name="obtenerFacturaDelMesParaClienteTest" time="1.245"/>
  <system-out/>
</testsuite> <!-- casosDeUsoTest.PersistenciaTest -->
