<?xml version="1.0" encoding="UTF-8"?>
<!-- Generated by org.testng.reporters.JUnitReportReporter -->
<testsuite hostname="Fidel" failures="0" tests="8" name="casosDeUsoTest.ObtenerMontoTarifaTest" time="0.006" errors="0" timestamp="2020-11-16T18:39:25 BOT" skipped="0">
  <testcase classname="casosDeUsoTest.ObtenerMontoTarifaTest" name="obtenerMontoTarifaPlanNoRegistrado" time="0.001"/>
  <system-out/>
  <testcase classname="casosDeUsoTest.ObtenerMontoTarifaTest" name="obtenerMontoTarifaPrepagoSuperReducida" time="0.000"/>
  <system-out/>
  <testcase classname="casosDeUsoTest.ObtenerMontoTarifaTest" name="noEstaEnHorarioSuperReducido" time="0.001"/>
  <system-out/>
  <testcase classname="casosDeUsoTest.ObtenerMontoTarifaTest" name="obtenerMontoTarifaPostpago" time="0.001"/>
  <system-out/>
  <testcase classname="casosDeUsoTest.ObtenerMontoTarifaTest" name="noEstaEnHorarioReducido" time="0.001"/>
  <system-out/>
  <testcase classname="casosDeUsoTest.ObtenerMontoTarifaTest" name="obtenerMontoTarifaPrepagoReducida" time="0.001"/>
  <system-out/>
  <testcase classname="casosDeUsoTest.ObtenerMontoTarifaTest" name="obtenerMontoTarifaWow" time="0.000"/>
  <system-out/>
  <testcase classname="casosDeUsoTest.ObtenerMontoTarifaTest" name="obtenerMontoTarifaPrepagoNormal" time="0.001"/>
  <system-out/>
</testsuite> <!-- casosDeUsoTest.ObtenerMontoTarifaTest -->
