<?xml version="1.0" encoding="UTF-8"?>
<!-- Generated by org.testng.reporters.JUnitReportReporter -->
<testsuite hostname="Fidel" failures="0" tests="5" name="repositoriosTest.RepositorioClientesTest" time="1.628" errors="0" timestamp="2020-11-16T01:52:44 BOT" skipped="0">
  <testcase classname="repositoriosTest.RepositorioClientesTest" name="buscarClienteTest" time="0.210"/>
  <system-out/>
  <testcase classname="repositoriosTest.RepositorioClientesTest" name="registrarNuevoClientePlanNumerosAmigos" time="0.266"/>
  <system-out/>
  <testcase classname="repositoriosTest.RepositorioClientesTest" name="registrarClienteAmigosEnDBTest" time="0.536"/>
  <system-out/>
  <testcase classname="repositoriosTest.RepositorioClientesTest" name="registrarNuevoClientePlanNormalTest" time="0.265"/>
  <system-out/>
  <testcase classname="repositoriosTest.RepositorioClientesTest" name="registrarClienteNormalEnDBTest" time="0.351"/>
  <system-out/>
</testsuite> <!-- repositoriosTest.RepositorioClientesTest -->
