<?xml version="1.0" encoding="UTF-8"?>
<!-- Generated by org.testng.reporters.JUnitReportReporter -->
<testsuite hostname="Fidel" failures="0" tests="5" name="repositoriosTest.RepositorioClientesTest" time="1.666" errors="0" timestamp="2020-11-16T18:39:25 BOT" skipped="0">
  <testcase classname="repositoriosTest.RepositorioClientesTest" name="registrarNuevoClientePlanNormalTest" time="0.201"/>
  <system-out/>
  <testcase classname="repositoriosTest.RepositorioClientesTest" name="buscarClienteTest" time="0.227"/>
  <system-out/>
  <testcase classname="repositoriosTest.RepositorioClientesTest" name="registrarClienteNormalEnDBTest" time="0.407"/>
  <system-out/>
  <testcase classname="repositoriosTest.RepositorioClientesTest" name="registrarNuevoClientePlanNumerosAmigos" time="0.276"/>
  <system-out/>
  <testcase classname="repositoriosTest.RepositorioClientesTest" name="registrarClienteAmigosEnDBTest" time="0.555"/>
  <system-out/>
</testsuite> <!-- repositoriosTest.RepositorioClientesTest -->
