<?xml version="1.0" encoding="UTF-8"?>
<!-- Generated by org.testng.reporters.JUnitReportReporter -->
<testsuite hostname="Fidel" failures="0" tests="3" name="controladoresTest.ControladorCargaCDRsTest" time="1.139" errors="0" timestamp="2020-11-16T18:39:25 BOT" skipped="0">
  <testcase classname="controladoresTest.ControladorCargaCDRsTest" name="postApiSubmit" time="0.375"/>
  <system-out/>
  <testcase classname="controladoresTest.ControladorCargaCDRsTest" name="getRegistrosCargados" time="0.737"/>
  <system-out/>
  <testcase classname="controladoresTest.ControladorCargaCDRsTest" name="postApiSubmitSinArchivo" time="0.027"/>
  <system-out/>
</testsuite> <!-- controladoresTest.ControladorCargaCDRsTest -->
