<?xml version="1.0" encoding="UTF-8"?>
<!-- Generated by org.testng.reporters.JUnitReportReporter -->
<testsuite hostname="Fidel" failures="0" tests="5" name="casosDeUsoTest.RegistroClientesTest" time="1.845" errors="0" timestamp="2020-11-16T01:52:44 BOT" skipped="0">
  <testcase classname="casosDeUsoTest.RegistroClientesTest" name="llenarListaClientes" time="0.239"/>
  <system-out/>
  <testcase classname="casosDeUsoTest.RegistroClientesTest" name="guardarClientesCargados" time="0.320"/>
  <system-out/>
  <testcase classname="casosDeUsoTest.RegistroClientesTest" name="noCoincidenEnNumeroTelefonico" time="0.471"/>
  <system-out/>
  <testcase classname="casosDeUsoTest.RegistroClientesTest" name="guardarTemporalmenteCDRs" time="0.384"/>
  <system-out/>
  <testcase classname="casosDeUsoTest.RegistroClientesTest" name="llenarListaClientesPlanWow" time="0.431"/>
  <system-out/>
</testsuite> <!-- casosDeUsoTest.RegistroClientesTest -->
