<?xml version="1.0" encoding="UTF-8"?>
<!-- Generated by org.testng.reporters.JUnitReportReporter -->
<testsuite hostname="Fidel" failures="0" tests="1" name="casosDeUsoTest.PersistenciaSerializacionTest" time="0.102" errors="0" timestamp="2020-11-16T18:39:25 BOT" skipped="0">
  <testcase classname="casosDeUsoTest.PersistenciaSerializacionTest" name="deserializar" time="0.102"/>
  <system-out/>
</testsuite> <!-- casosDeUsoTest.PersistenciaSerializacionTest -->
