<?xml version="1.0" encoding="UTF-8"?>
<!-- Generated by org.testng.reporters.JUnitReportReporter -->
<testsuite hostname="Fidel" failures="0" tests="3" name="controladoresTest.ControladorClientesTest" time="0.048" errors="0" timestamp="2020-11-16T18:39:25 BOT" skipped="0">
  <testcase classname="controladoresTest.ControladorClientesTest" name="recuperarClientesAmigosTest" time="0.003"/>
  <system-out/>
  <testcase classname="controladoresTest.ControladorClientesTest" name="recuperarClientesTest" time="0.002"/>
  <system-out/>
  <testcase classname="controladoresTest.ControladorClientesTest" name="getClientes" time="0.043"/>
  <system-out/>
</testsuite> <!-- controladoresTest.ControladorClientesTest -->
