<?xml version="1.0" encoding="UTF-8"?>
<!-- Generated by org.testng.reporters.JUnitReportReporter -->
<testsuite hostname="Fidel" failures="0" tests="5" name="repositoriosTest.RepositorioClientesTest" time="1.841" errors="0" timestamp="2020-11-17T18:08:37 BOT" skipped="0">
  <testcase classname="repositoriosTest.RepositorioClientesTest" name="registrarClienteAmigosEnDBTest" time="0.531"/>
  <system-out/>
  <testcase classname="repositoriosTest.RepositorioClientesTest" name="registrarClienteNormalEnDBTest" time="0.475"/>
  <system-out/>
  <testcase classname="repositoriosTest.RepositorioClientesTest" name="buscarClienteTest" time="0.232"/>
  <system-out/>
  <testcase classname="repositoriosTest.RepositorioClientesTest" name="registrarNuevoClientePlanNumerosAmigos" time="0.351"/>
  <system-out/>
  <testcase classname="repositoriosTest.RepositorioClientesTest" name="registrarNuevoClientePlanNormalTest" time="0.252"/>
  <system-out/>
</testsuite> <!-- repositoriosTest.RepositorioClientesTest -->
