<?xml version="1.0" encoding="UTF-8"?>
<!-- Generated by org.testng.reporters.JUnitReportReporter -->
<testsuite hostname="Fidel" failures="0" tests="3" name="repositoriosTest.PersistenciaArchivosTest" time="3.056" errors="0" timestamp="2020-11-16T18:39:25 BOT" skipped="0">
  <testcase classname="repositoriosTest.PersistenciaArchivosTest" name="deserializarExepcionTest" time="0.001"/>
  <system-out/>
  <testcase classname="repositoriosTest.PersistenciaArchivosTest" name="deserializarTodosLosArchivosTest" time="3.051"/>
  <system-out/>
  <testcase classname="repositoriosTest.PersistenciaArchivosTest" name="serializarTest" time="0.004"/>
  <system-out/>
</testsuite> <!-- repositoriosTest.PersistenciaArchivosTest -->
