<?xml version="1.0" encoding="UTF-8"?>
<!-- Generated by org.testng.reporters.JUnitReportReporter -->
<testsuite hostname="Fidel" failures="0" tests="2" name="controladoresTest.ControladorCDRBDTest" time="0.839" errors="0" timestamp="2020-11-16T18:39:25 BOT" skipped="0">
  <testcase classname="controladoresTest.ControladorCDRBDTest" name="filtroPorFechaTest" time="0.360"/>
  <system-out/>
  <testcase classname="controladoresTest.ControladorCDRBDTest" name="cdrGuardadoBDTest" time="0.479"/>
  <system-out/>
</testsuite> <!-- controladoresTest.ControladorCDRBDTest -->
