<?xml version="1.0" encoding="UTF-8"?>
<!-- Generated by org.testng.reporters.JUnitReportReporter -->
<testsuite hostname="Fidel" failures="0" tests="1" name="casosDeUsoTest.RegistroCDRTest" time="0.002" errors="0" timestamp="2020-11-17T18:08:37 BOT" skipped="0">
  <testcase classname="casosDeUsoTest.RegistroCDRTest" name="guardarTemporalmenteCDRs" time="0.002"/>
  <system-out/>
</testsuite> <!-- casosDeUsoTest.RegistroCDRTest -->
