<?xml version="1.0" encoding="UTF-8"?>
<!-- Generated by org.testng.reporters.JUnitReportReporter -->
<testsuite hostname="Fidel" failures="0" tests="4" name="casosDeUsoTest.PersistenciaVistasTest" time="4.693" errors="0" timestamp="2020-11-16T01:52:44 BOT" skipped="0">
  <testcase classname="casosDeUsoTest.PersistenciaVistasTest" name="mostrarPersistenciaAmigosEnBD" time="1.189"/>
  <system-out/>
  <testcase classname="casosDeUsoTest.PersistenciaVistasTest" name="mostrarPersistenciaClienteEnBD" time="1.198"/>
  <system-out/>
  <testcase classname="casosDeUsoTest.PersistenciaVistasTest" name="mostrarPersistenciaCDRFiltroMes" time="1.162"/>
  <system-out/>
  <testcase classname="casosDeUsoTest.PersistenciaVistasTest" name="mostrarPersistenciaCDREnBD" time="1.144"/>
  <system-out/>
</testsuite> <!-- casosDeUsoTest.PersistenciaVistasTest -->
