<?xml version="1.0" encoding="UTF-8"?>
<!-- Generated by org.testng.reporters.JUnitReportReporter -->
<testsuite hostname="Fidel" failures="0" tests="1" name="repositoriosTest.ConnectionBDTest" time="0.001" errors="0" timestamp="2020-11-16T01:52:44 BOT" skipped="0">
  <testcase classname="repositoriosTest.ConnectionBDTest" name="getUserAndPassException" time="0.001"/>
  <system-out/>
</testsuite> <!-- repositoriosTest.ConnectionBDTest -->
