<?xml version="1.0" encoding="UTF-8"?>
<!-- Generated by org.testng.reporters.JUnitReportReporter -->
<testsuite hostname="Fidel" failures="0" tests="5" name="casosDeUsoTest.PersistenciaFiltrosTest" time="0.007" errors="0" timestamp="2020-11-16T01:52:44 BOT" skipped="0">
  <testcase classname="casosDeUsoTest.PersistenciaFiltrosTest" name="sumarTotalDelMesTest" time="0.001"/>
  <system-out/>
  <testcase classname="casosDeUsoTest.PersistenciaFiltrosTest" name="esNumeroInvalidoDeMesTest" time="0.000"/>
  <system-out/>
  <testcase classname="casosDeUsoTest.PersistenciaFiltrosTest" name="filtrarRegistrosPorMesTest" time="0.005"/>
  <system-out/>
  <testcase classname="casosDeUsoTest.PersistenciaFiltrosTest" name="obtenerMesLiteralTest" time="0.001"/>
  <system-out/>
  <testcase classname="casosDeUsoTest.PersistenciaFiltrosTest" name="coincidenEnMesTest" time="0.000"/>
  <system-out/>
</testsuite> <!-- casosDeUsoTest.PersistenciaFiltrosTest -->
