<?xml version="1.0" encoding="UTF-8"?>
<!-- Generated by org.testng.reporters.JUnitReportReporter -->
<testsuite hostname="Fidel" failures="0" tests="3" name="controladoresTest.ControladorRegistroClientesTest" time="0.573" errors="0" timestamp="2020-11-16T01:52:44 BOT" skipped="0">
  <testcase classname="controladoresTest.ControladorRegistroClientesTest" name="postApiSubmit" time="0.529"/>
  <system-out/>
  <testcase classname="controladoresTest.ControladorRegistroClientesTest" name="getRegistrosCargados" time="0.019"/>
  <system-out/>
  <testcase classname="controladoresTest.ControladorRegistroClientesTest" name="postApiSubmitSinArchivo" time="0.025"/>
  <system-out/>
</testsuite> <!-- controladoresTest.ControladorRegistroClientesTest -->
