<?xml version="1.0" encoding="UTF-8"?>
<!-- Generated by org.testng.reporters.JUnitReportReporter -->
<testsuite hostname="Fidel" failures="0" tests="2" name="controladoresTest.ControladorFacturacionTest" time="0.029" errors="0" timestamp="2020-11-16T01:52:44 BOT" skipped="0">
  <testcase classname="controladoresTest.ControladorFacturacionTest" name="devolverFacturaDeUnMes" time="0.009"/>
  <system-out/>
  <testcase classname="controladoresTest.ControladorFacturacionTest" name="getFactura" time="0.020"/>
  <system-out/>
</testsuite> <!-- controladoresTest.ControladorFacturacionTest -->
