<?xml version="1.0" encoding="UTF-8"?>
<!-- Generated by org.testng.reporters.JUnitReportReporter -->
<testsuite hostname="Fidel" failures="0" tests="3" name="controladoresTest.ControladorRegistroClientesTest" time="0.686" errors="0" timestamp="2020-11-16T18:39:25 BOT" skipped="0">
  <testcase classname="controladoresTest.ControladorRegistroClientesTest" name="postApiSubmit" time="0.640"/>
  <system-out/>
  <testcase classname="controladoresTest.ControladorRegistroClientesTest" name="postApiSubmitSinArchivo" time="0.015"/>
  <system-out/>
  <testcase classname="controladoresTest.ControladorRegistroClientesTest" name="getRegistrosCargados" time="0.031"/>
  <system-out/>
</testsuite> <!-- controladoresTest.ControladorRegistroClientesTest -->
