<?xml version="1.0" encoding="UTF-8"?>
<!-- Generated by org.testng.reporters.JUnitReportReporter -->
<testsuite hostname="Fidel" failures="0" tests="3" name="repositoriosTest.PersistenciaArchivosTest" time="3.048" errors="0" timestamp="2020-11-17T18:08:37 BOT" skipped="0">
  <testcase classname="repositoriosTest.PersistenciaArchivosTest" name="serializarTest" time="0.014"/>
  <system-out/>
  <testcase classname="repositoriosTest.PersistenciaArchivosTest" name="deserializarExepcionTest" time="0.001"/>
  <system-out/>
  <testcase classname="repositoriosTest.PersistenciaArchivosTest" name="deserializarTodosLosArchivosTest" time="3.033"/>
  <system-out/>
</testsuite> <!-- repositoriosTest.PersistenciaArchivosTest -->
