<?xml version="1.0" encoding="UTF-8"?>
<!-- Generated by org.testng.reporters.JUnitReportReporter -->
<testsuite hostname="Fidel" failures="0" tests="2" name="controladoresTest.ControladorPrincipalTarificadorTest" time="0.336" errors="0" timestamp="2020-11-16T18:39:25 BOT" skipped="0">
  <testcase classname="controladoresTest.ControladorPrincipalTarificadorTest" name="revisarDeBDClientesExistentes" time="0.002"/>
  <system-out/>
  <testcase classname="controladoresTest.ControladorPrincipalTarificadorTest" name="revisarDeBDClientesExistentesDespueDeGuardarUno" time="0.334"/>
  <system-out/>
</testsuite> <!-- controladoresTest.ControladorPrincipalTarificadorTest -->
