<?xml version="1.0" encoding="UTF-8"?>
<!-- Generated by org.testng.reporters.JUnitReportReporter -->
<testsuite hostname="Fidel" failures="0" tests="2" name="controladoresTest.ControladorFacturacionTest" time="0.039" errors="0" timestamp="2020-11-16T18:39:25 BOT" skipped="0">
  <testcase classname="controladoresTest.ControladorFacturacionTest" name="devolverFacturaDeUnMes" time="0.014"/>
  <system-out/>
  <testcase classname="controladoresTest.ControladorFacturacionTest" name="getFactura" time="0.025"/>
  <system-out/>
</testsuite> <!-- controladoresTest.ControladorFacturacionTest -->
