<?xml version="1.0" encoding="UTF-8"?>
<!-- Generated by org.testng.reporters.JUnitReportReporter -->
<testsuite hostname="Fidel" failures="0" tests="2" name="controladoresTest.ControladorFacturacionTest" time="0.028" errors="0" timestamp="2020-11-17T18:08:37 BOT" skipped="0">
  <testcase classname="controladoresTest.ControladorFacturacionTest" name="devolverFacturaDeUnMes" time="0.009"/>
  <system-out/>
  <testcase classname="controladoresTest.ControladorFacturacionTest" name="getFactura" time="0.019"/>
  <system-out/>
</testsuite> <!-- controladoresTest.ControladorFacturacionTest -->
