<?xml version="1.0" encoding="UTF-8"?>
<!-- Generated by org.testng.reporters.JUnitReportReporter -->
<testsuite hostname="Fidel" failures="0" tests="5" name="repositoriosTest.FactoriaPlanTest" time="0.002" errors="0" timestamp="2020-11-16T18:39:25 BOT" skipped="0">
  <testcase classname="repositoriosTest.FactoriaPlanTest" name="getPlanNull2" time="0.000"/>
  <system-out/>
  <testcase classname="repositoriosTest.FactoriaPlanTest" name="getPlanPostpago" time="0.001"/>
  <system-out/>
  <testcase classname="repositoriosTest.FactoriaPlanTest" name="getPlanWOW" time="0.000"/>
  <system-out/>
  <testcase classname="repositoriosTest.FactoriaPlanTest" name="getPlanPrepago" time="0.000"/>
  <system-out/>
  <testcase classname="repositoriosTest.FactoriaPlanTest" name="getPlanNull" time="0.001"/>
  <system-out/>
</testsuite> <!-- repositoriosTest.FactoriaPlanTest -->
