<?xml version="1.0" encoding="UTF-8"?>
<!-- Generated by org.testng.reporters.JUnitReportReporter -->
<testsuite hostname="Fidel" failures="0" tests="3" name="controladoresTest.ControladorCargaCDRsTest" time="1.445" errors="0" timestamp="2020-11-16T01:52:44 BOT" skipped="0">
  <testcase classname="controladoresTest.ControladorCargaCDRsTest" name="getRegistrosCargados" time="0.884"/>
  <system-out/>
  <testcase classname="controladoresTest.ControladorCargaCDRsTest" name="postApiSubmit" time="0.531"/>
  <system-out/>
  <testcase classname="controladoresTest.ControladorCargaCDRsTest" name="postApiSubmitSinArchivo" time="0.030"/>
  <system-out/>
</testsuite> <!-- controladoresTest.ControladorCargaCDRsTest -->
