<?xml version="1.0" encoding="UTF-8"?>
<!-- Generated by org.testng.reporters.JUnitReportReporter -->
<testsuite hostname="Fidel" failures="0" tests="9" name="controladoresTest.ControladorCDRTest" time="0.261" errors="0" timestamp="2020-11-16T18:39:25 BOT" skipped="0">
  <testcase classname="controladoresTest.ControladorCDRTest" name="getCDRRecuperados" time="0.027"/>
  <system-out/>
  <testcase classname="controladoresTest.ControladorCDRTest" name="configuracion" time="0.017"/>
  <system-out/>
  <testcase classname="controladoresTest.ControladorCDRTest" name="guardar" time="0.020"/>
  <system-out/>
  <testcase classname="controladoresTest.ControladorCDRTest" name="cambiarModoDeConfiguracionDB" time="0.026"/>
  <system-out/>
  <testcase classname="controladoresTest.ControladorCDRTest" name="cambiarModoDeConfiguracionArchivo" time="0.034"/>
  <system-out/>
  <testcase classname="controladoresTest.ControladorCDRTest" name="getCDR" time="0.025"/>
  <system-out/>
  <testcase classname="controladoresTest.ControladorCDRTest" name="postFiltrar" time="0.110"/>
  <system-out/>
  <testcase classname="controladoresTest.ControladorCDRTest" name="devolverRegistrosNoTarificadosTest" time="0.001"/>
  <system-out/>
  <testcase classname="controladoresTest.ControladorCDRTest" name="devolverRegistrosTarificadosTest" time="0.001"/>
  <system-out/>
</testsuite> <!-- controladoresTest.ControladorCDRTest -->
