<?xml version="1.0" encoding="UTF-8"?>
<!-- Generated by org.testng.reporters.JUnitReportReporter -->
<testsuite hostname="Fidel" failures="0" tests="1" name="casosDeUsoTest.PersistenciaSerializacionTest" time="0.078" errors="0" timestamp="2020-11-17T18:08:37 BOT" skipped="0">
  <testcase classname="casosDeUsoTest.PersistenciaSerializacionTest" name="deserializar" time="0.078"/>
  <system-out/>
</testsuite> <!-- casosDeUsoTest.PersistenciaSerializacionTest -->
