<?xml version="1.0" encoding="UTF-8"?>
<!-- Generated by org.testng.reporters.JUnitReportReporter -->
<testsuite hostname="Fidel" failures="0" tests="5" name="casosDeUsoTest.RegistroClientesTest" time="1.735" errors="0" timestamp="2020-11-16T18:39:25 BOT" skipped="0">
  <testcase classname="casosDeUsoTest.RegistroClientesTest" name="llenarListaClientesPlanWow" time="0.412"/>
  <system-out/>
  <testcase classname="casosDeUsoTest.RegistroClientesTest" name="noCoincidenEnNumeroTelefonico" time="0.372"/>
  <system-out/>
  <testcase classname="casosDeUsoTest.RegistroClientesTest" name="guardarClientesCargados" time="0.233"/>
  <system-out/>
  <testcase classname="casosDeUsoTest.RegistroClientesTest" name="guardarTemporalmenteCDRs" time="0.297"/>
  <system-out/>
  <testcase classname="casosDeUsoTest.RegistroClientesTest" name="llenarListaClientes" time="0.421"/>
  <system-out/>
</testsuite> <!-- casosDeUsoTest.RegistroClientesTest -->
