<?xml version="1.0" encoding="UTF-8"?>
<!-- Generated by org.testng.reporters.JUnitReportReporter -->
<testsuite hostname="Fidel" failures="0" tests="8" name="controladoresTest.ControladorCDRTest" time="0.167" errors="0" timestamp="2020-11-16T01:52:44 BOT" skipped="0">
  <testcase classname="controladoresTest.ControladorCDRTest" name="cambiarModoDeConfiguracionDB" time="0.037"/>
  <system-out/>
  <testcase classname="controladoresTest.ControladorCDRTest" name="configuracion" time="0.018"/>
  <system-out/>
  <testcase classname="controladoresTest.ControladorCDRTest" name="devolverRegistrosNoTarificadosTest" time="0.000"/>
  <system-out/>
  <testcase classname="controladoresTest.ControladorCDRTest" name="devolverRegistrosTarificadosTest" time="0.001"/>
  <system-out/>
  <testcase classname="controladoresTest.ControladorCDRTest" name="guardar" time="0.021"/>
  <system-out/>
  <testcase classname="controladoresTest.ControladorCDRTest" name="getCDRRecuperados" time="0.034"/>
  <system-out/>
  <testcase classname="controladoresTest.ControladorCDRTest" name="getCDR" time="0.029"/>
  <system-out/>
  <testcase classname="controladoresTest.ControladorCDRTest" name="cambiarModoDeConfiguracionArchivo" time="0.027"/>
  <system-out/>
</testsuite> <!-- controladoresTest.ControladorCDRTest -->
