<?xml version="1.0" encoding="UTF-8"?>
<!-- Generated by org.testng.reporters.JUnitReportReporter -->
<testsuite hostname="Fidel" failures="0" tests="2" name="controladoresTest.ControladorPrincipalTarificadorTest" time="0.359" errors="0" timestamp="2020-11-17T18:08:37 BOT" skipped="0">
  <testcase classname="controladoresTest.ControladorPrincipalTarificadorTest" name="revisarDeBDClientesExistentes" time="0.001"/>
  <system-out/>
  <testcase classname="controladoresTest.ControladorPrincipalTarificadorTest" name="revisarDeBDClientesExistentesDespueDeGuardarUno" time="0.358"/>
  <system-out/>
</testsuite> <!-- controladoresTest.ControladorPrincipalTarificadorTest -->
