<?xml version="1.0" encoding="UTF-8"?>
<!-- Generated by org.testng.reporters.JUnitReportReporter -->
<testsuite hostname="Fidel" failures="0" tests="4" name="casosDeUsoTest.TarificacionTest" time="0.003" errors="0" timestamp="2020-11-16T18:39:25 BOT" skipped="0">
  <testcase classname="casosDeUsoTest.TarificacionTest" name="tarificarRegistrosTest" time="0.000"/>
  <system-out/>
  <testcase classname="casosDeUsoTest.TarificacionTest" name="tarificarRegistroTest" time="0.001"/>
  <system-out/>
  <testcase classname="casosDeUsoTest.TarificacionTest" name="CDRNoTarificadoTest" time="0.001"/>
  <system-out/>
  <testcase classname="casosDeUsoTest.TarificacionTest" name="CDRTarificadoTest" time="0.001"/>
  <system-out/>
</testsuite> <!-- casosDeUsoTest.TarificacionTest -->
