<?xml version="1.0" encoding="UTF-8"?>
<!-- Generated by org.testng.reporters.JUnitReportReporter -->
<testsuite hostname="Fidel" failures="0" tests="2" name="repositoriosTest.PersistenciaArchivosTest" time="3.015" errors="0" timestamp="2020-11-16T01:52:44 BOT" skipped="0">
  <testcase classname="repositoriosTest.PersistenciaArchivosTest" name="deserializarTodosLosArchivosTest" time="3.013"/>
  <system-out/>
  <testcase classname="repositoriosTest.PersistenciaArchivosTest" name="serializarTest" time="0.002"/>
  <system-out/>
</testsuite> <!-- repositoriosTest.PersistenciaArchivosTest -->
