<?xml version="1.0" encoding="UTF-8"?>
<!-- Generated by org.testng.reporters.JUnitReportReporter -->
<testsuite hostname="Fidel" failures="0" tests="2" name="entidadesTest.PlanPostpagoTest" time="0.002" errors="0" timestamp="2020-11-17T18:08:37 BOT" skipped="0">
  <testcase classname="entidadesTest.PlanPostpagoTest" name="obtenerTipoDeTarifa" time="0.001"/>
  <system-out/>
  <testcase classname="entidadesTest.PlanPostpagoTest" name="calcularCostoDeUnaLlamada" time="0.001"/>
  <system-out/>
</testsuite> <!-- entidadesTest.PlanPostpagoTest -->
