<?xml version="1.0" encoding="UTF-8"?>
<!-- Generated by org.testng.reporters.JUnitReportReporter -->
<testsuite hostname="Fidel" failures="0" tests="2" name="repositoriosTest.RepositorioCDRTest" time="0.001" errors="0" timestamp="2020-11-16T01:52:44 BOT" skipped="0">
  <testcase classname="repositoriosTest.RepositorioCDRTest" name="registrarCDRyObtnerLosRegistrosNoTarificadosTest" time="0.001"/>
  <system-out/>
  <testcase classname="repositoriosTest.RepositorioCDRTest" name="registrarCDRyVaciarLosRegistrosTest" time="0.000"/>
  <system-out/>
</testsuite> <!-- repositoriosTest.RepositorioCDRTest -->
