<?xml version="1.0" encoding="UTF-8"?>
<!-- Generated by org.testng.reporters.JUnitReportReporter -->
<testsuite hostname="Fidel" failures="0" tests="9" name="modelosTest.CDRModeloTest" time="0.003" errors="0" timestamp="2020-11-17T18:08:37 BOT" skipped="0">
  <testcase classname="modelosTest.CDRModeloTest" name="obtenerDuracionLlamada" time="0.000"/>
  <system-out/>
  <testcase classname="modelosTest.CDRModeloTest" name="obtenerFecha" time="0.000"/>
  <system-out/>
  <testcase classname="modelosTest.CDRModeloTest" name="obtenerCostoDeLlamada" time="0.000"/>
  <system-out/>
  <testcase classname="modelosTest.CDRModeloTest" name="obtenerId" time="0.001"/>
  <system-out/>
  <testcase classname="modelosTest.CDRModeloTest" name="obtenerHora" time="0.001"/>
  <system-out/>
  <testcase classname="modelosTest.CDRModeloTest" name="obtenerNumeroTelefonoDestino" time="0.000"/>
  <system-out/>
  <testcase classname="modelosTest.CDRModeloTest" name="obtenerNumeroTelefonoOrigen" time="0.000"/>
  <system-out/>
  <testcase classname="modelosTest.CDRModeloTest" name="obtenerFechaTarificacion" time="0.000"/>
  <system-out/>
  <testcase classname="modelosTest.CDRModeloTest" name="obtenerHoraTarificacion" time="0.001"/>
  <system-out/>
</testsuite> <!-- modelosTest.CDRModeloTest -->
