<?xml version="1.0" encoding="UTF-8"?>
<!-- Generated by org.testng.reporters.JUnitReportReporter -->
<testsuite hostname="DESKTOP-20AOCAJ" failures="0" tests="2" name="entidadesTest.PlanWowTest" time="0.009" errors="0" timestamp="2020-11-10T18:11:54 BOT" skipped="0">
  <testcase classname="entidadesTest.PlanWowTest" name="calculatePriceCallBelongsToFriends" time="0.004"/>
  <system-out/>
  <testcase classname="entidadesTest.PlanWowTest" name="calculatePriceExternalNumber" time="0.005"/>
  <system-out/>
</testsuite> <!-- entidadesTest.PlanWowTest -->
