<?xml version="1.0" encoding="UTF-8"?>
<!-- Generated by org.testng.reporters.JUnitReportReporter -->
<testsuite hostname="DESKTOP-20AOCAJ" failures="0" tests="5" name="testconNg.ClienteTest" time="0.010" errors="0" timestamp="2020-11-09T00:57:46 BOT" skipped="0">
  <testcase classname="testconNg.ClienteTest" name="asignarTipoDePlanYConseguirTipoDePlanTest" time="0.001"/>
  <system-out/>
  <testcase classname="testconNg.ClienteTest" name="asignarPlanYConseguirPlanTest" time="0.001"/>
  <system-out/>
  <testcase classname="testconNg.ClienteTest" name="asignarNumeroTelefonicoYConseguirNumeroTelefonicoTest" time="0.006"/>
  <system-out/>
  <testcase classname="testconNg.ClienteTest" name="conseguirCiTest" time="0.001"/>
  <system-out/>
  <testcase classname="testconNg.ClienteTest" name="conseguirNombreTest" time="0.001"/>
  <system-out/>
</testsuite> <!-- testconNg.ClienteTest -->
