<?xml version="1.0" encoding="UTF-8"?>
<!-- Generated by org.testng.reporters.JUnitReportReporter -->
<testsuite hostname="DESKTOP-20AOCAJ" failures="0" tests="6" name="testconNg.ClienteModeloTest" time="0.010" errors="0" timestamp="2020-11-09T01:31:16 BOT" skipped="0">
  <testcase classname="testconNg.ClienteModeloTest" name="conseguirNumerosDeAmigosTest" time="0.001"/>
  <system-out/>
  <testcase classname="testconNg.ClienteModeloTest" name="conseguirNumeroTelefonicoTest" time="0.001"/>
  <system-out/>
  <testcase classname="testconNg.ClienteModeloTest" name="conseguirCiTest" time="0.006"/>
  <system-out/>
  <testcase classname="testconNg.ClienteModeloTest" name="conseguirTipoDePlanTest" time="0.001"/>
  <system-out/>
  <testcase classname="testconNg.ClienteModeloTest" name="conseguirFechaDeRegistroTest" time="0.000"/>
  <system-out/>
  <testcase classname="testconNg.ClienteModeloTest" name="conseguirNombreTest" time="0.001"/>
  <system-out/>
</testsuite> <!-- testconNg.ClienteModeloTest -->
