<?xml version="1.0" encoding="UTF-8"?>
<!-- Generated by org.testng.reporters.JUnitReportReporter -->
<testsuite hostname="DESKTOP-20AOCAJ" failures="0" tests="5" name="ClienteTest" time="0.003" errors="0" timestamp="2020-11-10T18:11:54 BOT" skipped="0">
  <testcase classname="ClienteTest" name="conseguirCiTest" time="0.000"/>
  <system-out/>
  <testcase classname="ClienteTest" name="conseguirNombreTest" time="0.000"/>
  <system-out/>
  <testcase classname="ClienteTest" name="asignarPlanYConseguirPlanTest" time="0.001"/>
  <system-out/>
  <testcase classname="ClienteTest" name="asignarTipoDePlanYConseguirTipoDePlanTest" time="0.001"/>
  <system-out/>
  <testcase classname="ClienteTest" name="asignarNumeroTelefonicoYConseguirNumeroTelefonicoTest" time="0.001"/>
  <system-out/>
</testsuite> <!-- ClienteTest -->
