<?xml version="1.0" encoding="UTF-8"?>
<!-- Generated by org.testng.reporters.JUnitReportReporter -->
<testsuite hostname="DESKTOP-20AOCAJ" failures="0" tests="2" name="casosDeUsoTest.CalculadorCostoLlamadaTest" time="0.008" errors="0" timestamp="2020-11-10T22:23:00 BOT" skipped="0">
  <testcase classname="casosDeUsoTest.CalculadorCostoLlamadaTest" name="asignarCostoYConseguirCostoDeLlamadaCasoCalculosimpleTest" time="0.007"/>
  <system-out/>
  <testcase classname="casosDeUsoTest.CalculadorCostoLlamadaTest" name="asignarCostoYConseguirCostoDeLlamadaCasoDefaultTest" time="0.001"/>
  <system-out/>
</testsuite> <!-- casosDeUsoTest.CalculadorCostoLlamadaTest -->
