<?xml version="1.0" encoding="UTF-8"?>
<!-- Generated by org.testng.reporters.JUnitReportReporter -->
<testsuite hostname="DESKTOP-20AOCAJ" failures="0" tests="6" name="modelosTest.ClienteModeloTest" time="0.008" errors="0" timestamp="2020-11-15T01:16:28 BOT" skipped="0">
  <testcase classname="modelosTest.ClienteModeloTest" name="conseguirNombreTest" time="0.000"/>
  <system-out/>
  <testcase classname="modelosTest.ClienteModeloTest" name="conseguirCiTest" time="0.004"/>
  <system-out/>
  <testcase classname="modelosTest.ClienteModeloTest" name="conseguirFechaDeRegistroTest" time="0.001"/>
  <system-out/>
  <testcase classname="modelosTest.ClienteModeloTest" name="conseguirNumeroTelefonicoTest" time="0.000"/>
  <system-out/>
  <testcase classname="modelosTest.ClienteModeloTest" name="conseguirNumerosDeAmigosTest" time="0.002"/>
  <system-out/>
  <testcase classname="modelosTest.ClienteModeloTest" name="conseguirTipoDePlanTest" time="0.001"/>
  <system-out/>
</testsuite> <!-- modelosTest.ClienteModeloTest -->
