<?xml version="1.0" encoding="UTF-8"?>
<!-- Generated by org.testng.reporters.JUnitReportReporter -->
<testsuite hostname="DESKTOP-20AOCAJ" failures="0" tests="2" name="entidadesTest.UserTest" time="0.000" errors="0" timestamp="2020-11-10T18:11:54 BOT" skipped="0">
  <testcase classname="entidadesTest.UserTest" name="userPasswordTest" time="0.000"/>
  <system-out/>
  <testcase classname="entidadesTest.UserTest" name="userNameTest" time="0.000"/>
  <system-out/>
</testsuite> <!-- entidadesTest.UserTest -->
