<?xml version="1.0" encoding="UTF-8"?>
<!-- Generated by org.testng.reporters.JUnitReportReporter -->
<testsuite hostname="DESKTOP-20AOCAJ" failures="0" tests="2" name="modelosTest.FacturaModeloTest" time="0.002" errors="0" timestamp="2020-11-10T18:11:54 BOT" skipped="0">
  <testcase classname="modelosTest.FacturaModeloTest" name="numeroTelefonicoTest" time="0.001"/>
  <system-out/>
  <testcase classname="modelosTest.FacturaModeloTest" name="mesTest" time="0.001"/>
  <system-out/>
</testsuite> <!-- modelosTest.FacturaModeloTest -->
