<?xml version="1.0" encoding="UTF-8"?>
<!-- Generated by org.testng.reporters.JUnitReportReporter -->
<testsuite hostname="DESKTOP-20AOCAJ" failures="0" tests="2" name="casosDeUsoTest.RepositorioCDRTest" time="0.021" errors="0" timestamp="2020-11-12T01:05:57 BOT" skipped="0">
  <testcase classname="casosDeUsoTest.RepositorioCDRTest" name="registrarCDRyObtnerLosRegistrosNoTarificadosTest" time="0.019"/>
  <system-out/>
  <testcase classname="casosDeUsoTest.RepositorioCDRTest" name="registrarCDRyVaciarLosRegistrosTest" time="0.002"/>
  <system-out/>
</testsuite> <!-- casosDeUsoTest.RepositorioCDRTest -->
